<?xml version="1.0" encoding="UTF-8"?>
<testng-results skipped="0" failed="1" total="2" passed="1">
  <reporter-output>
    <line>
      <![CDATA[Execution is successfull.Actual is  10,Expected is 10<br>]]>
    </line>
    <line>
      <![CDATA[Execution is failed.Actual is  10,Expected is 6<br>]]>
    </line>
  </reporter-output>
  <suite name="CalculatorApp" duration-ms="22819" started-at="2017-08-28T11:51:42Z" finished-at="2017-08-28T11:52:04Z">
    <groups>
    </groups>
    <test name="CalculatorAppTC" duration-ms="22819" started-at="2017-08-28T11:51:42Z" finished-at="2017-08-28T11:52:04Z">
      <class name="org.mobAuto.mobileAutomation.CalculatorAuto">
        <test-method status="PASS" signature="setUp(java.lang.String, java.lang.String, java.lang.String, java.lang.String, java.lang.String, java.lang.String)[pri:0, instance:org.mobAuto.mobileAutomation.CalculatorAuto@76a3e297]" name="setUp" is-config="true" duration-ms="2040" started-at="2017-08-28T17:21:42Z" finished-at="2017-08-28T17:21:44Z">
          <params>
            <param index="0">
              <value>
                <![CDATA[nexus]]>
              </value>
            </param>
            <param index="1">
              <value>
                <![CDATA[4.4.2]]>
              </value>
            </param>
            <param index="2">
              <value>
                <![CDATA[Android]]>
              </value>
            </param>
            <param index="3">
              <value>
                <![CDATA[com.android.calculator2]]>
              </value>
            </param>
            <param index="4">
              <value>
                <![CDATA[com.android.calculator2.Calculator]]>
              </value>
            </param>
            <param index="5">
              <value>
                <![CDATA[http://127.0.0.1:4723/wd/hub]]>
              </value>
            </param>
          </params>
          <reporter-output>
          </reporter-output>
        </test-method> <!-- setUp -->
        <test-method status="PASS" signature="doSum([I, int)[pri:0, instance:org.mobAuto.mobileAutomation.CalculatorAuto@76a3e297]" name="doSum" duration-ms="9762" started-at="2017-08-28T17:21:44Z" data-provider="data" finished-at="2017-08-28T17:21:53Z">
          <params>
            <param index="0">
              <value>
                <![CDATA[[I@236e3f4e]]>
              </value>
            </param>
            <param index="1">
              <value>
                <![CDATA[10]]>
              </value>
            </param>
          </params>
          <reporter-output>
            <line>
              <![CDATA[Execution is successfull.Actual is  10,Expected is 10<br>]]>
            </line>
          </reporter-output>
        </test-method> <!-- doSum -->
        <test-method status="PASS" signature="tearDown()[pri:0, instance:org.mobAuto.mobileAutomation.CalculatorAuto@76a3e297]" name="tearDown" is-config="true" duration-ms="888" started-at="2017-08-28T17:21:53Z" finished-at="2017-08-28T17:21:54Z">
          <reporter-output>
          </reporter-output>
        </test-method> <!-- tearDown -->
        <test-method status="PASS" signature="setUp(java.lang.String, java.lang.String, java.lang.String, java.lang.String, java.lang.String, java.lang.String)[pri:0, instance:org.mobAuto.mobileAutomation.CalculatorAuto@76a3e297]" name="setUp" is-config="true" duration-ms="1920" started-at="2017-08-28T17:21:54Z" finished-at="2017-08-28T17:21:56Z">
          <params>
            <param index="0">
              <value>
                <![CDATA[nexus]]>
              </value>
            </param>
            <param index="1">
              <value>
                <![CDATA[4.4.2]]>
              </value>
            </param>
            <param index="2">
              <value>
                <![CDATA[Android]]>
              </value>
            </param>
            <param index="3">
              <value>
                <![CDATA[com.android.calculator2]]>
              </value>
            </param>
            <param index="4">
              <value>
                <![CDATA[com.android.calculator2.Calculator]]>
              </value>
            </param>
            <param index="5">
              <value>
                <![CDATA[http://127.0.0.1:4723/wd/hub]]>
              </value>
            </param>
          </params>
          <reporter-output>
          </reporter-output>
        </test-method> <!-- setUp -->
        <test-method status="FAIL" signature="doSum([I, int)[pri:0, instance:org.mobAuto.mobileAutomation.CalculatorAuto@76a3e297]" name="doSum" duration-ms="7226" started-at="2017-08-28T17:21:56Z" data-provider="data" finished-at="2017-08-28T17:22:03Z">
          <params>
            <param index="0">
              <value>
                <![CDATA[[I@71c3b41]]>
              </value>
            </param>
            <param index="1">
              <value>
                <![CDATA[10]]>
              </value>
            </param>
          </params>
          <exception class="java.lang.Error">
            <full-stacktrace>
              <![CDATA[java.lang.Error
	at org.mobAuto.mobileAutomation.CalculatorAuto.doSum(CalculatorAuto.java:79)
	at sun.reflect.NativeMethodAccessorImpl.invoke0(Native Method)
	at sun.reflect.NativeMethodAccessorImpl.invoke(NativeMethodAccessorImpl.java:62)
	at sun.reflect.DelegatingMethodAccessorImpl.invoke(DelegatingMethodAccessorImpl.java:43)
	at java.lang.reflect.Method.invoke(Method.java:498)
	at org.testng.internal.MethodInvocationHelper.invokeMethod(MethodInvocationHelper.java:80)
	at org.testng.internal.Invoker.invokeMethod(Invoker.java:715)
	at org.testng.internal.Invoker.invokeTestMethod(Invoker.java:907)
	at org.testng.internal.Invoker.invokeTestMethods(Invoker.java:1237)
	at org.testng.internal.TestMethodWorker.invokeTestMethods(TestMethodWorker.java:127)
	at org.testng.internal.TestMethodWorker.run(TestMethodWorker.java:111)
	at org.testng.TestRunner.privateRun(TestRunner.java:767)
	at org.testng.TestRunner.run(TestRunner.java:617)
	at org.testng.SuiteRunner.runTest(SuiteRunner.java:334)
	at org.testng.SuiteRunner.runSequentially(SuiteRunner.java:329)
	at org.testng.SuiteRunner.privateRun(SuiteRunner.java:291)
	at org.testng.SuiteRunner.run(SuiteRunner.java:240)
	at org.testng.SuiteRunnerWorker.runSuite(SuiteRunnerWorker.java:51)
	at org.testng.SuiteRunnerWorker.run(SuiteRunnerWorker.java:85)
	at org.testng.TestNG.runSuitesSequentially(TestNG.java:1197)
	at org.testng.TestNG.runSuitesLocally(TestNG.java:1122)
	at org.testng.TestNG.run(TestNG.java:1030)
	at org.testng.remote.AbstractRemoteTestNG.run(AbstractRemoteTestNG.java:132)
	at org.testng.remote.RemoteTestNG.initAndRun(RemoteTestNG.java:230)
	at org.testng.remote.RemoteTestNG.main(RemoteTestNG.java:76)
]]>
            </full-stacktrace>
          </exception> <!-- java.lang.Error -->
          <reporter-output>
            <line>
              <![CDATA[Execution is failed.Actual is  10,Expected is 6<br>]]>
            </line>
          </reporter-output>
        </test-method> <!-- doSum -->
        <test-method status="PASS" signature="tearDown()[pri:0, instance:org.mobAuto.mobileAutomation.CalculatorAuto@76a3e297]" name="tearDown" is-config="true" duration-ms="968" started-at="2017-08-28T17:22:03Z" finished-at="2017-08-28T17:22:04Z">
          <reporter-output>
          </reporter-output>
        </test-method> <!-- tearDown -->
      </class> <!-- org.mobAuto.mobileAutomation.CalculatorAuto -->
    </test> <!-- CalculatorAppTC -->
  </suite> <!-- CalculatorApp -->
</testng-results>
