<?xml version="1.0" encoding="UTF-8"?>
<!-- Generated by org.testng.reporters.JUnitXMLReporter -->
<testsuite hostname="gurushants-MacBook-Pro.local" name="CalculatorAppTC" tests="2" failures="1" timestamp="28 Aug 2017 11:52:09 GMT" time="22.819" errors="0">
  <testcase name="doSum" time="9.762" classname="org.mobAuto.mobileAutomation.CalculatorAuto"/>
  <testcase name="doSum" time="7.226" classname="org.mobAuto.mobileAutomation.CalculatorAuto">
    <failure type="java.lang.Error">
      <![CDATA[java.lang.Error
	at org.mobAuto.mobileAutomation.CalculatorAuto.doSum(CalculatorAuto.java:79)
... Removed 24 stack frames]]>
    </failure>
  </testcase> <!-- doSum -->
</testsuite> <!-- CalculatorAppTC -->
