<?xml version="1.0" encoding="UTF-8"?>
<testsuite name="CalculatorAppTC"
           tests="2"
           failures="1"
           errors="0"
           skipped="0"
           time="16.988">
  <properties />
            <testcase name="doSum" time="7.226" classname="org.mobAuto.mobileAutomation.CalculatorAuto">
                <failure type="java.lang.Error"
                  message="(null)"
              >
<![CDATA[java.lang.Error
  org.mobAuto.mobileAutomation.CalculatorAuto.doSum(CalculatorAuto.java:79)
  sun.reflect.NativeMethodAccessorImpl.invoke0(Native Method)
  sun.reflect.NativeMethodAccessorImpl.invoke(NativeMethodAccessorImpl.java:62)
  sun.reflect.DelegatingMethodAccessorImpl.invoke(DelegatingMethodAccessorImpl.java:43)
  java.lang.reflect.Method.invoke(Method.java:498)
  org.testng.internal.MethodInvocationHelper.invokeMethod(MethodInvocationHelper.java:80)
  org.testng.internal.Invoker.invokeMethod(Invoker.java:715)
  org.testng.internal.Invoker.invokeTestMethod(Invoker.java:907)
  org.testng.internal.Invoker.invokeTestMethods(Invoker.java:1237)
  org.testng.internal.TestMethodWorker.invokeTestMethods(TestMethodWorker.java:127)
  org.testng.internal.TestMethodWorker.run(TestMethodWorker.java:111)
  org.testng.TestRunner.privateRun(TestRunner.java:767)
  org.testng.TestRunner.run(TestRunner.java:617)
  org.testng.SuiteRunner.runTest(SuiteRunner.java:334)
  org.testng.SuiteRunner.runSequentially(SuiteRunner.java:329)
  org.testng.SuiteRunner.privateRun(SuiteRunner.java:291)
  org.testng.SuiteRunner.run(SuiteRunner.java:240)
  org.testng.SuiteRunnerWorker.runSuite(SuiteRunnerWorker.java:51)
  org.testng.SuiteRunnerWorker.run(SuiteRunnerWorker.java:85)
  org.testng.TestNG.runSuitesSequentially(TestNG.java:1197)
  org.testng.TestNG.runSuitesLocally(TestNG.java:1122)
  org.testng.TestNG.run(TestNG.java:1030)
  org.testng.remote.AbstractRemoteTestNG.run(AbstractRemoteTestNG.java:132)
  org.testng.remote.RemoteTestNG.initAndRun(RemoteTestNG.java:230)
  org.testng.remote.RemoteTestNG.main(RemoteTestNG.java:76)
]]>
      </failure>

          </testcase>
  
  
            <testcase name="doSum" time="9.762" classname="org.mobAuto.mobileAutomation.CalculatorAuto" />
      
</testsuite>
